Error: listen EADDRINUSE: address already in use :::3000
    at Server.setupListenHandle [as _listen2] (node:net:1902:16)
    at listenInCluster (node:net:1959:12)
    at Server.listen (node:net:2061:7)
    at Function.listen (/home/cliff/mock-api-server/node_modules/express/lib/application.js:635:24)
    at Object.<anonymous> (/home/cliff/mock-api-server/server.js:53:5)
    at Module._compile (node:internal/modules/cjs/loader:1469:14)
    at Module._extensions..js (node:internal/modules/cjs/loader:1548:10)
    at Module.load (node:internal/modules/cjs/loader:1288:32)
    at Module._load (node:internal/modules/cjs/loader:1104:12)
    at Object.<anonymous> (/usr/local/lib/node_modules/pm2/lib/ProcessContainerFork.js:33:23) {
  code: 'EADDRINUSE',
  errno: -98,
  syscall: 'listen',
  address: '::',
  port: 3000
}
Error: listen EADDRINUSE: address already in use :::3000
    at Server.setupListenHandle [as _listen2] (node:net:1902:16)
    at listenInCluster (node:net:1959:12)
    at Server.listen (node:net:2061:7)
    at Function.listen (/home/cliff/mock-api-server/node_modules/express/lib/application.js:635:24)
    at Object.<anonymous> (/home/cliff/mock-api-server/server.js:53:5)
    at Module._compile (node:internal/modules/cjs/loader:1469:14)
    at Module._extensions..js (node:internal/modules/cjs/loader:1548:10)
    at Module.load (node:internal/modules/cjs/loader:1288:32)
    at Module._load (node:internal/modules/cjs/loader:1104:12)
    at Object.<anonymous> (/usr/local/lib/node_modules/pm2/lib/ProcessContainerFork.js:33:23) {
  code: 'EADDRINUSE',
  errno: -98,
  syscall: 'listen',
  address: '::',
  port: 3000
}
Error: listen EADDRINUSE: address already in use :::3000
    at Server.setupListenHandle [as _listen2] (node:net:1902:16)
    at listenInCluster (node:net:1959:12)
    at Server.listen (node:net:2061:7)
    at Function.listen (/home/cliff/mock-api-server/node_modules/express/lib/application.js:635:24)
    at Object.<anonymous> (/home/cliff/mock-api-server/server.js:53:5)
    at Module._compile (node:internal/modules/cjs/loader:1469:14)
    at Module._extensions..js (node:internal/modules/cjs/loader:1548:10)
    at Module.load (node:internal/modules/cjs/loader:1288:32)
    at Module._load (node:internal/modules/cjs/loader:1104:12)
    at Object.<anonymous> (/usr/local/lib/node_modules/pm2/lib/ProcessContainerFork.js:33:23) {
  code: 'EADDRINUSE',
  errno: -98,
  syscall: 'listen',
  address: '::',
  port: 3000
}
Error: listen EADDRINUSE: address already in use :::3000
    at Server.setupListenHandle [as _listen2] (node:net:1902:16)
    at listenInCluster (node:net:1959:12)
    at Server.listen (node:net:2061:7)
    at Function.listen (/home/cliff/mock-api-server/node_modules/express/lib/application.js:635:24)
    at Object.<anonymous> (/home/cliff/mock-api-server/server.js:53:5)
    at Module._compile (node:internal/modules/cjs/loader:1469:14)
    at Module._extensions..js (node:internal/modules/cjs/loader:1548:10)
    at Module.load (node:internal/modules/cjs/loader:1288:32)
    at Module._load (node:internal/modules/cjs/loader:1104:12)
    at Object.<anonymous> (/usr/local/lib/node_modules/pm2/lib/ProcessContainerFork.js:33:23) {
  code: 'EADDRINUSE',
  errno: -98,
  syscall: 'listen',
  address: '::',
  port: 3000
}
Error: listen EADDRINUSE: address already in use :::3000
    at Server.setupListenHandle [as _listen2] (node:net:1902:16)
    at listenInCluster (node:net:1959:12)
    at Server.listen (node:net:2061:7)
    at Function.listen (/home/cliff/mock-api-server/node_modules/express/lib/application.js:635:24)
    at Object.<anonymous> (/home/cliff/mock-api-server/server.js:53:5)
    at Module._compile (node:internal/modules/cjs/loader:1469:14)
    at Module._extensions..js (node:internal/modules/cjs/loader:1548:10)
    at Module.load (node:internal/modules/cjs/loader:1288:32)
    at Module._load (node:internal/modules/cjs/loader:1104:12)
    at Object.<anonymous> (/usr/local/lib/node_modules/pm2/lib/ProcessContainerFork.js:33:23) {
  code: 'EADDRINUSE',
  errno: -98,
  syscall: 'listen',
  address: '::',
  port: 3000
}
Error: listen EADDRINUSE: address already in use :::3000
    at Server.setupListenHandle [as _listen2] (node:net:1902:16)
    at listenInCluster (node:net:1959:12)
    at Server.listen (node:net:2061:7)
    at Function.listen (/home/cliff/mock-api-server/node_modules/express/lib/application.js:635:24)
    at Object.<anonymous> (/home/cliff/mock-api-server/server.js:53:5)
    at Module._compile (node:internal/modules/cjs/loader:1469:14)
    at Module._extensions..js (node:internal/modules/cjs/loader:1548:10)
    at Module.load (node:internal/modules/cjs/loader:1288:32)
    at Module._load (node:internal/modules/cjs/loader:1104:12)
    at Object.<anonymous> (/usr/local/lib/node_modules/pm2/lib/ProcessContainerFork.js:33:23) {
  code: 'EADDRINUSE',
  errno: -98,
  syscall: 'listen',
  address: '::',
  port: 3000
}
Error: listen EADDRINUSE: address already in use :::3000
    at Server.setupListenHandle [as _listen2] (node:net:1902:16)
    at listenInCluster (node:net:1959:12)
    at Server.listen (node:net:2061:7)
    at Function.listen (/home/cliff/mock-api-server/node_modules/express/lib/application.js:635:24)
    at Object.<anonymous> (/home/cliff/mock-api-server/server.js:53:5)
    at Module._compile (node:internal/modules/cjs/loader:1469:14)
    at Module._extensions..js (node:internal/modules/cjs/loader:1548:10)
    at Module.load (node:internal/modules/cjs/loader:1288:32)
    at Module._load (node:internal/modules/cjs/loader:1104:12)
    at Object.<anonymous> (/usr/local/lib/node_modules/pm2/lib/ProcessContainerFork.js:33:23) {
  code: 'EADDRINUSE',
  errno: -98,
  syscall: 'listen',
  address: '::',
  port: 3000
}
Error: listen EADDRINUSE: address already in use :::3000
    at Server.setupListenHandle [as _listen2] (node:net:1902:16)
    at listenInCluster (node:net:1959:12)
    at Server.listen (node:net:2061:7)
    at Function.listen (/home/cliff/mock-api-server/node_modules/express/lib/application.js:635:24)
    at Object.<anonymous> (/home/cliff/mock-api-server/server.js:53:5)
    at Module._compile (node:internal/modules/cjs/loader:1469:14)
    at Module._extensions..js (node:internal/modules/cjs/loader:1548:10)
    at Module.load (node:internal/modules/cjs/loader:1288:32)
    at Module._load (node:internal/modules/cjs/loader:1104:12)
    at Object.<anonymous> (/usr/local/lib/node_modules/pm2/lib/ProcessContainerFork.js:33:23) {
  code: 'EADDRINUSE',
  errno: -98,
  syscall: 'listen',
  address: '::',
  port: 3000
}
Error: listen EADDRINUSE: address already in use :::3000
    at Server.setupListenHandle [as _listen2] (node:net:1902:16)
    at listenInCluster (node:net:1959:12)
    at Server.listen (node:net:2061:7)
    at Function.listen (/home/cliff/mock-api-server/node_modules/express/lib/application.js:635:24)
    at Object.<anonymous> (/home/cliff/mock-api-server/server.js:53:5)
    at Module._compile (node:internal/modules/cjs/loader:1469:14)
    at Module._extensions..js (node:internal/modules/cjs/loader:1548:10)
    at Module.load (node:internal/modules/cjs/loader:1288:32)
    at Module._load (node:internal/modules/cjs/loader:1104:12)
    at Object.<anonymous> (/usr/local/lib/node_modules/pm2/lib/ProcessContainerFork.js:33:23) {
  code: 'EADDRINUSE',
  errno: -98,
  syscall: 'listen',
  address: '::',
  port: 3000
}
Error: listen EADDRINUSE: address already in use :::3000
    at Server.setupListenHandle [as _listen2] (node:net:1902:16)
    at listenInCluster (node:net:1959:12)
    at Server.listen (node:net:2061:7)
    at Function.listen (/home/cliff/mock-api-server/node_modules/express/lib/application.js:635:24)
    at Object.<anonymous> (/home/cliff/mock-api-server/server.js:53:5)
    at Module._compile (node:internal/modules/cjs/loader:1469:14)
    at Module._extensions..js (node:internal/modules/cjs/loader:1548:10)
    at Module.load (node:internal/modules/cjs/loader:1288:32)
    at Module._load (node:internal/modules/cjs/loader:1104:12)
    at Object.<anonymous> (/usr/local/lib/node_modules/pm2/lib/ProcessContainerFork.js:33:23) {
  code: 'EADDRINUSE',
  errno: -98,
  syscall: 'listen',
  address: '::',
  port: 3000
}
Error: listen EADDRINUSE: address already in use :::3000
    at Server.setupListenHandle [as _listen2] (node:net:1902:16)
    at listenInCluster (node:net:1959:12)
    at Server.listen (node:net:2061:7)
    at Function.listen (/home/cliff/mock-api-server/node_modules/express/lib/application.js:635:24)
    at Object.<anonymous> (/home/cliff/mock-api-server/server.js:53:5)
    at Module._compile (node:internal/modules/cjs/loader:1469:14)
    at Module._extensions..js (node:internal/modules/cjs/loader:1548:10)
    at Module.load (node:internal/modules/cjs/loader:1288:32)
    at Module._load (node:internal/modules/cjs/loader:1104:12)
    at Object.<anonymous> (/usr/local/lib/node_modules/pm2/lib/ProcessContainerFork.js:33:23) {
  code: 'EADDRINUSE',
  errno: -98,
  syscall: 'listen',
  address: '::',
  port: 3000
}
Error: listen EADDRINUSE: address already in use :::3000
    at Server.setupListenHandle [as _listen2] (node:net:1902:16)
    at listenInCluster (node:net:1959:12)
    at Server.listen (node:net:2061:7)
    at Function.listen (/home/cliff/mock-api-server/node_modules/express/lib/application.js:635:24)
    at Object.<anonymous> (/home/cliff/mock-api-server/server.js:53:5)
    at Module._compile (node:internal/modules/cjs/loader:1469:14)
    at Module._extensions..js (node:internal/modules/cjs/loader:1548:10)
    at Module.load (node:internal/modules/cjs/loader:1288:32)
    at Module._load (node:internal/modules/cjs/loader:1104:12)
    at Object.<anonymous> (/usr/local/lib/node_modules/pm2/lib/ProcessContainerFork.js:33:23) {
  code: 'EADDRINUSE',
  errno: -98,
  syscall: 'listen',
  address: '::',
  port: 3000
}
Error: listen EADDRINUSE: address already in use :::3000
    at Server.setupListenHandle [as _listen2] (node:net:1902:16)
    at listenInCluster (node:net:1959:12)
    at Server.listen (node:net:2061:7)
    at Function.listen (/home/cliff/mock-api-server/node_modules/express/lib/application.js:635:24)
    at Object.<anonymous> (/home/cliff/mock-api-server/server.js:53:5)
    at Module._compile (node:internal/modules/cjs/loader:1469:14)
    at Module._extensions..js (node:internal/modules/cjs/loader:1548:10)
    at Module.load (node:internal/modules/cjs/loader:1288:32)
    at Module._load (node:internal/modules/cjs/loader:1104:12)
    at Object.<anonymous> (/usr/local/lib/node_modules/pm2/lib/ProcessContainerFork.js:33:23) {
  code: 'EADDRINUSE',
  errno: -98,
  syscall: 'listen',
  address: '::',
  port: 3000
}
Error: listen EADDRINUSE: address already in use :::3000
    at Server.setupListenHandle [as _listen2] (node:net:1902:16)
    at listenInCluster (node:net:1959:12)
    at Server.listen (node:net:2061:7)
    at Function.listen (/home/cliff/mock-api-server/node_modules/express/lib/application.js:635:24)
    at Object.<anonymous> (/home/cliff/mock-api-server/server.js:53:5)
    at Module._compile (node:internal/modules/cjs/loader:1469:14)
    at Module._extensions..js (node:internal/modules/cjs/loader:1548:10)
    at Module.load (node:internal/modules/cjs/loader:1288:32)
    at Module._load (node:internal/modules/cjs/loader:1104:12)
    at Object.<anonymous> (/usr/local/lib/node_modules/pm2/lib/ProcessContainerFork.js:33:23) {
  code: 'EADDRINUSE',
  errno: -98,
  syscall: 'listen',
  address: '::',
  port: 3000
}
Error: listen EADDRINUSE: address already in use :::3000
    at Server.setupListenHandle [as _listen2] (node:net:1902:16)
    at listenInCluster (node:net:1959:12)
    at Server.listen (node:net:2061:7)
    at Function.listen (/home/cliff/mock-api-server/node_modules/express/lib/application.js:635:24)
    at Object.<anonymous> (/home/cliff/mock-api-server/server.js:53:5)
    at Module._compile (node:internal/modules/cjs/loader:1469:14)
    at Module._extensions..js (node:internal/modules/cjs/loader:1548:10)
    at Module.load (node:internal/modules/cjs/loader:1288:32)
    at Module._load (node:internal/modules/cjs/loader:1104:12)
    at Object.<anonymous> (/usr/local/lib/node_modules/pm2/lib/ProcessContainerFork.js:33:23) {
  code: 'EADDRINUSE',
  errno: -98,
  syscall: 'listen',
  address: '::',
  port: 3000
}
Error: listen EADDRINUSE: address already in use :::3000
    at Server.setupListenHandle [as _listen2] (node:net:1902:16)
    at listenInCluster (node:net:1959:12)
    at Server.listen (node:net:2061:7)
    at Function.listen (/home/cliff/mock-api-server/node_modules/express/lib/application.js:635:24)
    at Object.<anonymous> (/home/cliff/mock-api-server/server.js:53:5)
    at Module._compile (node:internal/modules/cjs/loader:1469:14)
    at Module._extensions..js (node:internal/modules/cjs/loader:1548:10)
    at Module.load (node:internal/modules/cjs/loader:1288:32)
    at Module._load (node:internal/modules/cjs/loader:1104:12)
    at Object.<anonymous> (/usr/local/lib/node_modules/pm2/lib/ProcessContainerFork.js:33:23) {
  code: 'EADDRINUSE',
  errno: -98,
  syscall: 'listen',
  address: '::',
  port: 3000
}
🚀 Mock-API server running on port 3000
✅ Connected to PostgreSQL database
::1 - - [06/Nov/2025:14:44:13 +0000] "GET /api/info HTTP/1.1" 200 173 "-" "-"
✅ Connected to PostgreSQL database
::1 - - [06/Nov/2025:14:44:13 +0000] "GET /api/environments HTTP/1.1" 200 328 "-" "-"
::1 - - [06/Nov/2025:14:44:13 +0000] "GET /api/environments HTTP/1.1" 200 328 "-" "-"
::1 - - [06/Nov/2025:14:44:13 +0000] "GET /api/environments/1/endpoints HTTP/1.1" 200 1516 "-" "-"
::1 - - [06/Nov/2025:14:44:27 +0000] "POST /api/mock/1/devices/switch_001/control HTTP/1.1" 200 75 "-" "-"
::1 - - [06/Nov/2025:14:44:39 +0000] "GET /api/environments HTTP/1.1" 200 328 "-" "-"
::1 - - [06/Nov/2025:14:44:39 +0000] "GET /api/environments/1/endpoints HTTP/1.1" 200 1516 "-" "-"
🚀 Mock-API server running on port 3000
